{"/Users/anupbharambe/workspace/calculator/src/codeAnalyzer.js": {"path":"/Users/anupbharambe/workspace/calculator/src/codeAnalyzer.js","statementMap":{"0":{"start":{"line":1,"column":25},"end":{"line":14,"column":1}},"1":{"start":{"line":2,"column":4},"end":{"line":13,"column":5}},"2":{"start":{"line":3,"column":8},"end":{"line":9,"column":11}},"3":{"start":{"line":4,"column":26},"end":{"line":4,"column":57}},"4":{"start":{"line":5,"column":30},"end":{"line":5,"column":113}},"5":{"start":{"line":6,"column":28},"end":{"line":6,"column":72}},"6":{"start":{"line":8,"column":12},"end":{"line":8,"column":66}},"7":{"start":{"line":11,"column":8},"end":{"line":11,"column":63}},"8":{"start":{"line":12,"column":8},"end":{"line":12,"column":20}},"9":{"start":{"line":16,"column":0},"end":{"line":16,"column":38}}},"fnMap":{"0":{"name":"(anonymous_0)","decl":{"start":{"line":1,"column":25},"end":{"line":1,"column":26}},"loc":{"start":{"line":1,"column":36},"end":{"line":14,"column":1}},"line":1},"1":{"name":"(anonymous_1)","decl":{"start":{"line":3,"column":25},"end":{"line":3,"column":26}},"loc":{"start":{"line":3,"column":33},"end":{"line":9,"column":9}},"line":3}},"branchMap":{"0":{"loc":{"start":{"line":5,"column":31},"end":{"line":5,"column":105}},"type":"binary-expr","locations":[{"start":{"line":5,"column":31},"end":{"line":5,"column":99}},{"start":{"line":5,"column":103},"end":{"line":5,"column":105}}],"line":5},"1":{"loc":{"start":{"line":6,"column":29},"end":{"line":6,"column":64}},"type":"binary-expr","locations":[{"start":{"line":6,"column":29},"end":{"line":6,"column":58}},{"start":{"line":6,"column":62},"end":{"line":6,"column":64}}],"line":6}},"s":{"0":1,"1":7,"2":7,"3":9,"4":9,"5":9,"6":9,"7":0,"8":0,"9":1},"f":{"0":7,"1":9},"b":{"0":[9,4],"1":[9,6]},"_coverageSchema":"1a1c01bbd47fc00a2c39e90264f33305004495a9","hash":"bd675a9c06359c742d8cff22e6faced03110d241"}
,"/Users/anupbharambe/workspace/calculator/src/comparator.js": {"path":"/Users/anupbharambe/workspace/calculator/src/comparator.js","statementMap":{"0":{"start":{"line":1,"column":30},"end":{"line":66,"column":1}},"1":{"start":{"line":2,"column":4},"end":{"line":65,"column":5}},"2":{"start":{"line":3,"column":26},"end":{"line":3,"column":116}},"3":{"start":{"line":4,"column":28},"end":{"line":4,"column":118}},"4":{"start":{"line":5,"column":30},"end":{"line":5,"column":32}},"5":{"start":{"line":7,"column":28},"end":{"line":7,"column":89}},"6":{"start":{"line":7,"column":70},"end":{"line":7,"column":87}},"7":{"start":{"line":9,"column":8},"end":{"line":50,"column":11}},"8":{"start":{"line":10,"column":33},"end":{"line":10,"column":65}},"9":{"start":{"line":11,"column":12},"end":{"line":26,"column":13}},"10":{"start":{"line":12,"column":16},"end":{"line":24,"column":19}},"11":{"start":{"line":25,"column":16},"end":{"line":25,"column":23}},"12":{"start":{"line":28,"column":31},"end":{"line":36,"column":13}},"13":{"start":{"line":38,"column":12},"end":{"line":44,"column":15}},"14":{"start":{"line":46,"column":12},"end":{"line":49,"column":15}},"15":{"start":{"line":47,"column":16},"end":{"line":47,"column":57}},"16":{"start":{"line":48,"column":16},"end":{"line":48,"column":61}},"17":{"start":{"line":53,"column":34},"end":{"line":53,"column":36}},"18":{"start":{"line":54,"column":8},"end":{"line":56,"column":11}},"19":{"start":{"line":55,"column":12},"end":{"line":55,"column":133}},"20":{"start":{"line":58,"column":8},"end":{"line":61,"column":10}},"21":{"start":{"line":63,"column":8},"end":{"line":63,"column":62}},"22":{"start":{"line":64,"column":8},"end":{"line":64,"column":20}},"23":{"start":{"line":68,"column":0},"end":{"line":68,"column":43}}},"fnMap":{"0":{"name":"(anonymous_0)","decl":{"start":{"line":1,"column":30},"end":{"line":1,"column":31}},"loc":{"start":{"line":1,"column":62},"end":{"line":66,"column":1}},"line":1},"1":{"name":"(anonymous_1)","decl":{"start":{"line":7,"column":62},"end":{"line":7,"column":63}},"loc":{"start":{"line":7,"column":70},"end":{"line":7,"column":87}},"line":7},"2":{"name":"(anonymous_2)","decl":{"start":{"line":9,"column":36},"end":{"line":9,"column":37}},"loc":{"start":{"line":9,"column":50},"end":{"line":50,"column":9}},"line":9},"3":{"name":"(anonymous_3)","decl":{"start":{"line":46,"column":45},"end":{"line":46,"column":46}},"loc":{"start":{"line":46,"column":52},"end":{"line":49,"column":13}},"line":46},"4":{"name":"(anonymous_4)","decl":{"start":{"line":54,"column":41},"end":{"line":54,"column":42}},"loc":{"start":{"line":54,"column":48},"end":{"line":56,"column":9}},"line":54}},"branchMap":{"0":{"loc":{"start":{"line":7,"column":37},"end":{"line":7,"column":56}},"type":"binary-expr","locations":[{"start":{"line":7,"column":37},"end":{"line":7,"column":50}},{"start":{"line":7,"column":54},"end":{"line":7,"column":56}}],"line":7},"1":{"loc":{"start":{"line":9,"column":9},"end":{"line":9,"column":26}},"type":"binary-expr","locations":[{"start":{"line":9,"column":9},"end":{"line":9,"column":20}},{"start":{"line":9,"column":24},"end":{"line":9,"column":26}}],"line":9},"2":{"loc":{"start":{"line":11,"column":12},"end":{"line":26,"column":13}},"type":"if","locations":[{"start":{"line":11,"column":12},"end":{"line":26,"column":13}},{"start":{},"end":{}}],"line":11},"3":{"loc":{"start":{"line":29,"column":23},"end":{"line":29,"column":118}},"type":"cond-expr","locations":[{"start":{"line":29,"column":46},"end":{"line":29,"column":110}},{"start":{"line":29,"column":113},"end":{"line":29,"column":118}}],"line":29},"4":{"loc":{"start":{"line":30,"column":27},"end":{"line":30,"column":134}},"type":"cond-expr","locations":[{"start":{"line":30,"column":54},"end":{"line":30,"column":126}},{"start":{"line":30,"column":129},"end":{"line":30,"column":134}}],"line":30},"5":{"loc":{"start":{"line":31,"column":25},"end":{"line":31,"column":126}},"type":"cond-expr","locations":[{"start":{"line":31,"column":50},"end":{"line":31,"column":118}},{"start":{"line":31,"column":121},"end":{"line":31,"column":126}}],"line":31},"6":{"loc":{"start":{"line":32,"column":25},"end":{"line":32,"column":126}},"type":"cond-expr","locations":[{"start":{"line":32,"column":50},"end":{"line":32,"column":118}},{"start":{"line":32,"column":121},"end":{"line":32,"column":126}}],"line":32},"7":{"loc":{"start":{"line":33,"column":27},"end":{"line":33,"column":134}},"type":"cond-expr","locations":[{"start":{"line":33,"column":54},"end":{"line":33,"column":126}},{"start":{"line":33,"column":129},"end":{"line":33,"column":134}}],"line":33},"8":{"loc":{"start":{"line":34,"column":28},"end":{"line":34,"column":138}},"type":"cond-expr","locations":[{"start":{"line":34,"column":56},"end":{"line":34,"column":130}},{"start":{"line":34,"column":133},"end":{"line":34,"column":138}}],"line":34},"9":{"loc":{"start":{"line":35,"column":24},"end":{"line":35,"column":122}},"type":"cond-expr","locations":[{"start":{"line":35,"column":48},"end":{"line":35,"column":114}},{"start":{"line":35,"column":117},"end":{"line":35,"column":122}}],"line":35},"10":{"loc":{"start":{"line":47,"column":36},"end":{"line":47,"column":56}},"type":"binary-expr","locations":[{"start":{"line":47,"column":36},"end":{"line":47,"column":51}},{"start":{"line":47,"column":55},"end":{"line":47,"column":56}}],"line":47},"11":{"loc":{"start":{"line":48,"column":38},"end":{"line":48,"column":60}},"type":"binary-expr","locations":[{"start":{"line":48,"column":38},"end":{"line":48,"column":55}},{"start":{"line":48,"column":59},"end":{"line":48,"column":60}}],"line":48},"12":{"loc":{"start":{"line":55,"column":37},"end":{"line":55,"column":132}},"type":"cond-expr","locations":[{"start":{"line":55,"column":60},"end":{"line":55,"column":124}},{"start":{"line":55,"column":127},"end":{"line":55,"column":132}}],"line":55}},"s":{"0":1,"1":4,"2":4,"3":4,"4":4,"5":4,"6":2,"7":4,"8":3,"9":3,"10":1,"11":1,"12":2,"13":2,"14":2,"15":14,"16":14,"17":4,"18":4,"19":28,"20":4,"21":0,"22":0,"23":1},"f":{"0":4,"1":2,"2":3,"3":14,"4":28},"b":{"0":[4,1],"1":[4,1],"2":[1,2],"3":[2,0],"4":[2,0],"5":[1,1],"6":[1,1],"7":[2,0],"8":[1,1],"9":[2,0],"10":[14,3],"11":[14,3],"12":[7,21]},"_coverageSchema":"1a1c01bbd47fc00a2c39e90264f33305004495a9","hash":"799b5a7bcef8382f4dfa83bfb6e4dcb25c59f634"}
,"/Users/anupbharambe/workspace/calculator/src/fileReader.js": {"path":"/Users/anupbharambe/workspace/calculator/src/fileReader.js","statementMap":{"0":{"start":{"line":1,"column":11},"end":{"line":1,"column":30}},"1":{"start":{"line":2,"column":13},"end":{"line":2,"column":28}},"2":{"start":{"line":3,"column":13},"end":{"line":3,"column":28}},"3":{"start":{"line":5,"column":18},"end":{"line":23,"column":1}},"4":{"start":{"line":6,"column":4},"end":{"line":22,"column":5}},"5":{"start":{"line":7,"column":22},"end":{"line":7,"column":66}},"6":{"start":{"line":9,"column":8},"end":{"line":11,"column":9}},"7":{"start":{"line":10,"column":12},"end":{"line":10,"column":73}},"8":{"start":{"line":13,"column":25},"end":{"line":13,"column":89}},"9":{"start":{"line":13,"column":61},"end":{"line":13,"column":87}},"10":{"start":{"line":14,"column":8},"end":{"line":17,"column":12}},"11":{"start":{"line":14,"column":49},"end":{"line":17,"column":9}},"12":{"start":{"line":20,"column":8},"end":{"line":20,"column":79}},"13":{"start":{"line":21,"column":8},"end":{"line":21,"column":20}},"14":{"start":{"line":25,"column":0},"end":{"line":25,"column":31}}},"fnMap":{"0":{"name":"(anonymous_0)","decl":{"start":{"line":5,"column":18},"end":{"line":5,"column":19}},"loc":{"start":{"line":5,"column":37},"end":{"line":23,"column":1}},"line":5},"1":{"name":"(anonymous_1)","decl":{"start":{"line":13,"column":53},"end":{"line":13,"column":54}},"loc":{"start":{"line":13,"column":61},"end":{"line":13,"column":87}},"line":13},"2":{"name":"(anonymous_2)","decl":{"start":{"line":14,"column":28},"end":{"line":14,"column":29}},"loc":{"start":{"line":14,"column":49},"end":{"line":17,"column":9}},"line":14}},"branchMap":{"0":{"loc":{"start":{"line":9,"column":8},"end":{"line":11,"column":9}},"type":"if","locations":[{"start":{"line":9,"column":8},"end":{"line":11,"column":9}},{"start":{},"end":{}}],"line":9}},"s":{"0":1,"1":1,"2":1,"3":1,"4":3,"5":3,"6":2,"7":1,"8":1,"9":2,"10":1,"11":2,"12":2,"13":2,"14":1},"f":{"0":3,"1":2,"2":2},"b":{"0":[1,1]},"_coverageSchema":"1a1c01bbd47fc00a2c39e90264f33305004495a9","hash":"331a992e509073ddb9f97a78d668002d41d894c6"}
,"/Users/anupbharambe/workspace/calculator/src/reportWriter.js": {"path":"/Users/anupbharambe/workspace/calculator/src/reportWriter.js","statementMap":{"0":{"start":{"line":1,"column":11},"end":{"line":1,"column":30}},"1":{"start":{"line":2,"column":13},"end":{"line":2,"column":28}},"2":{"start":{"line":4,"column":19},"end":{"line":20,"column":1}},"3":{"start":{"line":5,"column":4},"end":{"line":19,"column":5}},"4":{"start":{"line":6,"column":27},"end":{"line":6,"column":61}},"5":{"start":{"line":7,"column":8},"end":{"line":7,"column":39}},"6":{"start":{"line":9,"column":26},"end":{"line":9,"column":72}},"7":{"start":{"line":10,"column":27},"end":{"line":10,"column":86}},"8":{"start":{"line":12,"column":8},"end":{"line":12,"column":62}},"9":{"start":{"line":14,"column":8},"end":{"line":14,"column":66}},"10":{"start":{"line":15,"column":8},"end":{"line":15,"column":26}},"11":{"start":{"line":17,"column":8},"end":{"line":17,"column":55}},"12":{"start":{"line":18,"column":8},"end":{"line":18,"column":20}},"13":{"start":{"line":22,"column":0},"end":{"line":22,"column":32}}},"fnMap":{"0":{"name":"(anonymous_0)","decl":{"start":{"line":4,"column":19},"end":{"line":4,"column":20}},"loc":{"start":{"line":4,"column":37},"end":{"line":20,"column":1}},"line":4}},"branchMap":{},"s":{"0":1,"1":1,"2":1,"3":2,"4":2,"5":2,"6":1,"7":1,"8":1,"9":1,"10":1,"11":1,"12":1,"13":1},"f":{"0":2},"b":{},"_coverageSchema":"1a1c01bbd47fc00a2c39e90264f33305004495a9","hash":"899b6da59222de73b636a7c61b2c892ba50fc21c"}
}
