TN:
SF:src/codeAnalyzer.js
FN:1,(anonymous_0)
FN:3,(anonymous_1)
FNF:2
FNH:2
FNDA:7,(anonymous_0)
FNDA:9,(anonymous_1)
DA:1,1
DA:2,7
DA:3,7
DA:4,9
DA:5,9
DA:6,9
DA:8,9
DA:11,0
DA:12,0
DA:16,1
LF:10
LH:8
BRDA:5,0,0,9
BRDA:5,0,1,4
BRDA:6,1,0,9
BRDA:6,1,1,6
BRF:4
BRH:4
end_of_record
TN:
SF:src/comparator.js
FN:1,(anonymous_0)
FN:7,(anonymous_1)
FN:9,(anonymous_2)
FN:46,(anonymous_3)
FN:54,(anonymous_4)
FNF:5
FNH:5
FNDA:4,(anonymous_0)
FNDA:2,(anonymous_1)
FNDA:3,(anonymous_2)
FNDA:14,(anonymous_3)
FNDA:28,(anonymous_4)
DA:1,1
DA:2,4
DA:3,4
DA:4,4
DA:5,4
DA:7,4
DA:9,4
DA:10,3
DA:11,3
DA:12,1
DA:25,1
DA:28,2
DA:38,2
DA:46,2
DA:47,14
DA:48,14
DA:53,4
DA:54,4
DA:55,28
DA:58,4
DA:63,0
DA:64,0
DA:68,1
LF:23
LH:21
BRDA:7,0,0,4
BRDA:7,0,1,1
BRDA:9,1,0,4
BRDA:9,1,1,1
BRDA:11,2,0,1
BRDA:11,2,1,2
BRDA:29,3,0,2
BRDA:29,3,1,0
BRDA:30,4,0,2
BRDA:30,4,1,0
BRDA:31,5,0,1
BRDA:31,5,1,1
BRDA:32,6,0,1
BRDA:32,6,1,1
BRDA:33,7,0,2
BRDA:33,7,1,0
BRDA:34,8,0,1
BRDA:34,8,1,1
BRDA:35,9,0,2
BRDA:35,9,1,0
BRDA:47,10,0,14
BRDA:47,10,1,3
BRDA:48,11,0,14
BRDA:48,11,1,3
BRDA:55,12,0,7
BRDA:55,12,1,21
BRF:26
BRH:22
end_of_record
TN:
SF:src/fileReader.js
FN:5,(anonymous_0)
FN:13,(anonymous_1)
FN:14,(anonymous_2)
FNF:3
FNH:3
FNDA:3,(anonymous_0)
FNDA:2,(anonymous_1)
FNDA:2,(anonymous_2)
DA:1,1
DA:2,1
DA:3,1
DA:5,1
DA:6,3
DA:7,3
DA:9,2
DA:10,1
DA:13,2
DA:14,2
DA:20,2
DA:21,2
DA:25,1
LF:13
LH:13
BRDA:9,0,0,1
BRDA:9,0,1,1
BRF:2
BRH:2
end_of_record
TN:
SF:src/reportWriter.js
FN:4,(anonymous_0)
FNF:1
FNH:1
FNDA:2,(anonymous_0)
DA:1,1
DA:2,1
DA:4,1
DA:5,2
DA:6,2
DA:7,2
DA:9,1
DA:10,1
DA:12,1
DA:14,1
DA:15,1
DA:17,1
DA:18,1
DA:22,1
LF:14
LH:14
BRF:0
BRH:0
end_of_record
